ISim log file
Running: D:\ise\p6_cpu\mips_txt_isim_beh.exe -intstyle ise -gui -tclbatch isim.cmd -wdb D:/ise/p6_cpu/mips_txt_isim_beh.wdb 
ISim P.20131013 (signature 0x7708f090)
This is a Full version of ISim.
Time resolution is 1 ps
# onerror resume
# wave add /
# run 1000 ns
Simulator is doing circuit initialization process.
Finished circuit initialization process.
                  38@00003000: $31 <= 00003008
                  42@00003004: $ 1 <= 00003008
                  46@00003008: $ 2 <= 00003008
                  50@0000300c: $ 3 <= 00003008
                  54@00003010: $31 <= 00003018
                  58@00003014: $ 1 <= 00003018
                  62@00003018: $ 2 <= 00003018
                  66@0000301c: $ 3 <= 00003018
                  70@00003020: $31 <= 00003028
                  74@00003024: $ 1 <= 00003028
                  78@00003028: $ 2 <= 00003028
                  82@0000302c: $ 3 <= 00003028
                  86@00003030: $31 <= 00003038
                  90@00003034: $ 1 <= 00003038
                  94@00003038: $ 2 <= 00003038
                  98@0000303c: $ 3 <= 00003038
                 102@00003040: $31 <= 00003048
                 106@00003044: $ 1 <= 00000000
                 110@00003048: $ 2 <= 00000000
                 114@0000304c: $ 3 <= 00000000
                 118@00003050: $31 <= 00003058
                 122@00003054: $ 1 <= 00000000
                 126@00003058: $ 2 <= 00000000
                 130@0000305c: $ 3 <= 00000000
                 134@00003060: $31 <= 00003068
                 138@00003064: $ 1 <= 00000000
                 142@00003068: $ 2 <= 00000000
                 146@0000306c: $ 3 <= 00000000
                 150@00003070: $31 <= 00003078
                 154@00003074: $ 1 <= 00003078
                 158@00003078: $ 2 <= 00003078
                 162@0000307c: $ 3 <= 00003078
                 166@00003080: $31 <= 00003088
                 170@00003084: $ 1 <= ffffcf77
                 174@00003088: $ 2 <= ffffcf77
                 178@0000308c: $ 3 <= ffffcf77
                 182@00003090: $31 <= 00003098
                 186@00003094: $ 1 <= 00003098
                 190@00003098: $ 2 <= 00003098
                 194@0000309c: $ 3 <= 00003098
                 198@000030a0: $31 <= 000030a8
                 202@000030a4: $ 1 <= 000030a8
                 206@000030a8: $ 2 <= 000030a8
                 210@000030ac: $ 3 <= 000030a8
                 214@000030b0: $31 <= 000030b8
                 218@000030b4: $ 1 <= 000030b8
                 222@000030b8: $ 2 <= 000030b8
                 226@000030bc: $ 3 <= 000030b8
                 230@000030c0: $31 <= 000030c8
                 234@000030c4: $ 1 <= 000030c8
                 238@000030c8: $ 2 <= 000030c8
                 242@000030cc: $ 3 <= 000030c8
                 246@000030d0: $31 <= 000030d8
                 250@000030d4: $ 1 <= 000030d8
                 254@000030d8: $ 2 <= 000030d8
                 258@000030dc: $ 3 <= 000030d8
                 262@000030e0: $31 <= 000030e8
                 266@000030e4: $ 1 <= 000030e8
                 270@000030e8: $ 2 <= 000030e8
                 274@000030ec: $ 3 <= 000030e8
                 278@000030f0: $31 <= 000030f8
                 282@000030f4: $ 1 <= 00000000
                 286@000030f8: $ 2 <= 00000000
                 290@000030fc: $ 3 <= 00000000
                 294@00003100: $31 <= 00003108
                 298@00003104: $ 1 <= 00000000
                 302@00003108: $ 2 <= 00000000
                 306@0000310c: $ 3 <= 00000000
                 310@00003110: $31 <= 00003118
                 314@00003114: $ 1 <= 00000000
                 318@00003118: $ 2 <= 00000000
                 322@0000311c: $ 3 <= 00000000
                 326@00003120: $31 <= 00003128
                 330@00003124: $ 1 <= 00003128
                 334@00003128: $ 2 <= 00003128
                 338@0000312c: $ 3 <= 00003128
                 342@00003130: $31 <= 00003138
                 346@00003134: $ 1 <= 00003138
                 350@00003138: $ 2 <= 00003138
                 354@0000313c: $ 3 <= 00003138
                 358@00003140: $31 <= 00003148
                 362@00003144: $ 1 <= 00003148
                 366@00003148: $ 2 <= 00003148
                 370@0000314c: $ 3 <= 00003148
                 374@00003150: $31 <= 00003158
                 378@00003154: $ 1 <= 00003158
                 382@00003158: $ 2 <= 00003158
                 386@0000315c: $ 3 <= 00003158
                 390@00003160: $31 <= 00003168
                 394@00003164: $ 1 <= 00003168
                 398@00003168: $ 2 <= 00003168
                 402@0000316c: $ 3 <= 00003168
                 406@00003170: $31 <= 00003178
                 422@00003180: $31 <= 00003188
                 442@00003194: $31 <= 0000319c
                 458@000031a4: $31 <= 000031ac
                 478@000031b8: $31 <= 000031c0
                 494@000031c8: $31 <= 000031d0
                 514@000031dc: $31 <= 000031e4
                 530@000031ec: $31 <= 000031f4
                 550@00003200: $31 <= 00003208
                 566@00003210: $31 <= 00003218
                 586@00003224: $31 <= 0000322c
                 602@00003234: $31 <= 0000323c
                 622@0000324c: *00000000 <= 00003250
                 622@00003248: $31 <= 00003250
                 626@00003250: *00000000 <= 00003250
                 630@00003254: *00000000 <= 00003250
                 638@0000325c: *00000260 <= 00003168
                 638@00003258: $31 <= 00003260
                 642@00003260: *00000260 <= 00003168
                 646@00003264: *00000260 <= 00003168
                 654@0000326c: *00000000 <= 00003270
                 654@00003268: $31 <= 00003270
                 658@00003270: *00000000 <= 00003270
                 662@00003274: *00000000 <= 00003270
                 670@0000327c: *00000280 <= 00003168
                 670@00003278: $31 <= 00003280
                 674@00003280: *00000280 <= 00003168
                 678@00003284: *00000280 <= 00003168
                 686@0000328c: *00000000 <= 00003290
                 686@00003288: $31 <= 00003290
                 690@00003290: *00000000 <= 00003290
                 694@00003294: *00000000 <= 00003290
                 702@0000329c: *000002a0 <= 00000068
                 702@00003298: $31 <= 000032a0
                 706@000032a0: *000002a0 <= 00000068
                 710@000032a4: *000002a0 <= 00000068
                 718@000032a8: $31 <= 000032b0
                 722@000032ac: $ 1 <= 00000000
                 726@000032b0: $ 2 <= 00000000
                 730@000032b4: $ 3 <= 00000000
                 734@000032b8: $31 <= 000032c0
                 738@000032bc: $ 1 <= 00000000
                 742@000032c0: $ 2 <= 00000000
                 746@000032c4: $ 3 <= 00000000
                 750@000032c8: $31 <= 000032d0
                 754@000032cc: $ 1 <= 00000000
                 758@000032d0: $ 2 <= 00000000
                 762@000032d4: $ 3 <= 00000000
                 766@000032d8: $31 <= 000032e0
                 770@000032dc: $ 1 <= 00000000
                 774@000032e0: $ 2 <= 00000000
                 778@000032e4: $ 3 <= 00000000
                 782@000032e8: $31 <= 000032f0
                 786@000032ec: $ 1 <= 00000000
                 790@000032f0: $ 2 <= 00000000
                 794@000032f4: $ 3 <= 00000000
                 798@000032f8: $31 <= 00003300
                 814@00003308: $31 <= 00003310
                 830@00003318: $ 1 <= 00000001
                 834@0000331c: $31 <= 00003324
                 898@0000332c: $ 1 <= 00000001
                 902@00003330: $31 <= 00003338
                 982@00003340: $ 1 <= 00000001
                 986@00003344: $31 <= 0000334c
# run all
                1106@00003354: $ 1 <= 00000001
                1110@00003358: $31 <= 00003360
                1250@00003368: $ 8 <= 00000378
                1254@0000336c: $ 8 <= 00003378
                1262@00003370: $31 <= 00003378
                1266@00003374: $ 1 <= 00003378
                1270@00003378: $ 2 <= 00003378
                1274@0000337c: $ 3 <= 00003378
                1278@00003380: $ 8 <= 00000390
                1282@00003384: $ 8 <= 00003390
                1290@00003388: $31 <= 00003390
                1294@0000338c: $ 1 <= 00003390
                1298@00003390: $ 2 <= 00003390
                1302@00003394: $ 3 <= 00003390
                1306@00003398: $ 8 <= 000003a8
                1310@0000339c: $ 8 <= 000033a8
                1318@000033a0: $31 <= 000033a8
                1322@000033a4: $ 1 <= 000033a8
                1326@000033a8: $ 2 <= 000033a8
                1330@000033ac: $ 3 <= 000033a8
                1334@000033b0: $ 8 <= 000003c0
                1338@000033b4: $ 8 <= 000033c0
                1346@000033b8: $31 <= 000033c0
                1350@000033bc: $ 1 <= 000033c0
                1354@000033c0: $ 2 <= 000033c0
                1358@000033c4: $ 3 <= 000033c0
                1362@000033c8: $ 8 <= 000003d8
                1366@000033cc: $ 8 <= 000033d8
                1374@000033d0: $31 <= 000033d8
                1378@000033d4: $ 1 <= 00000000
                1382@000033d8: $ 2 <= 00000000
                1386@000033dc: $ 3 <= 00000000
                1390@000033e0: $ 8 <= 000003f0
                1394@000033e4: $ 8 <= 000033f0
                1402@000033e8: $31 <= 000033f0
                1406@000033ec: $ 1 <= 00000000
                1410@000033f0: $ 2 <= 00000000
                1414@000033f4: $ 3 <= 00000000
                1418@000033f8: $ 8 <= 00000408
                1422@000033fc: $ 8 <= 00003408
                1430@00003400: $31 <= 00003408
                1434@00003404: $ 1 <= 00000000
                1438@00003408: $ 2 <= 00000000
                1442@0000340c: $ 3 <= 00000000
                1446@00003410: $ 8 <= 00000420
                1450@00003414: $ 8 <= 00003420
                1458@00003418: $31 <= 00003420
                1462@0000341c: $ 1 <= 00003420
                1466@00003420: $ 2 <= 00003420
                1470@00003424: $ 3 <= 00003420
                1474@00003428: $ 8 <= 00000438
                1478@0000342c: $ 8 <= 00003438
                1486@00003430: $31 <= 00003438
                1490@00003434: $ 1 <= ffffcbc7
                1494@00003438: $ 2 <= ffffcbc7
                1498@0000343c: $ 3 <= ffffcbc7
                1502@00003440: $ 8 <= 00000450
                1506@00003444: $ 8 <= 00003450
                1514@00003448: $31 <= 00003450
                1518@0000344c: $ 1 <= 00003450
                1522@00003450: $ 2 <= 00003450
                1526@00003454: $ 3 <= 00003450
                1530@00003458: $ 8 <= 00000468
                1534@0000345c: $ 8 <= 00003468
                1542@00003460: $31 <= 00003468
                1546@00003464: $ 1 <= 00003468
                1550@00003468: $ 2 <= 00003468
                1554@0000346c: $ 3 <= 00003468
                1558@00003470: $ 8 <= 00000480
                1562@00003474: $ 8 <= 00003480
                1570@00003478: $31 <= 00003480
                1574@0000347c: $ 1 <= 00003480
                1578@00003480: $ 2 <= 00003480
                1582@00003484: $ 3 <= 00003480
                1586@00003488: $ 8 <= 00000498
                1590@0000348c: $ 8 <= 00003498
                1598@00003490: $31 <= 00003498
                1602@00003494: $ 1 <= 00003498
                1606@00003498: $ 2 <= 00003498
                1610@0000349c: $ 3 <= 00003498
                1614@000034a0: $ 8 <= 000004b0
                1618@000034a4: $ 8 <= 000034b0
                1626@000034a8: $31 <= 000034b0
                1630@000034ac: $ 1 <= 000034b0
                1634@000034b0: $ 2 <= 000034b0
                1638@000034b4: $ 3 <= 000034b0
                1642@000034b8: $ 8 <= 000004c8
                1646@000034bc: $ 8 <= 000034c8
                1654@000034c0: $31 <= 000034c8
                1658@000034c4: $ 1 <= 000034c8
                1662@000034c8: $ 2 <= 000034c8
                1666@000034cc: $ 3 <= 000034c8
                1670@000034d0: $ 8 <= 000004e0
                1674@000034d4: $ 8 <= 000034e0
                1682@000034d8: $31 <= 000034e0
                1686@000034dc: $ 1 <= 00000000
                1690@000034e0: $ 2 <= 00000000
                1694@000034e4: $ 3 <= 00000000
                1698@000034e8: $ 8 <= 000004f8
                1702@000034ec: $ 8 <= 000034f8
                1710@000034f0: $31 <= 000034f8
                1714@000034f4: $ 1 <= 00000000
                1718@000034f8: $ 2 <= 00000000
                1722@000034fc: $ 3 <= 00000000
                1726@00003500: $ 8 <= 00000510
                1730@00003504: $ 8 <= 00003510
                1738@00003508: $31 <= 00003510
                1742@0000350c: $ 1 <= 00000000
                1746@00003510: $ 2 <= 00000000
                1750@00003514: $ 3 <= 00000000
                1754@00003518: $ 8 <= 00000528
                1758@0000351c: $ 8 <= 00003528
                1766@00003520: $31 <= 00003528
                1770@00003524: $ 1 <= 00003528
                1774@00003528: $ 2 <= 00003528
                1778@0000352c: $ 3 <= 00003528
                1782@00003530: $ 8 <= 00000540
                1786@00003534: $ 8 <= 00003540
                1794@00003538: $31 <= 00003540
                1798@0000353c: $ 1 <= 00003540
                1802@00003540: $ 2 <= 00003540
                1806@00003544: $ 3 <= 00003540
                1810@00003548: $ 8 <= 00000558
                1814@0000354c: $ 8 <= 00003558
                1822@00003550: $31 <= 00003558
                1826@00003554: $ 1 <= 00003558
                1830@00003558: $ 2 <= 00003558
                1834@0000355c: $ 3 <= 00003558
                1838@00003560: $ 8 <= 00000570
                1842@00003564: $ 8 <= 00003570
                1850@00003568: $31 <= 00003570
                1854@0000356c: $ 1 <= 00003570
                1858@00003570: $ 2 <= 00003570
                1862@00003574: $ 3 <= 00003570
                1866@00003578: $ 8 <= 00000588
                1870@0000357c: $ 8 <= 00003588
                1878@00003580: $31 <= 00003588
                1882@00003584: $ 1 <= 00003588
                1886@00003588: $ 2 <= 00003588
                1890@0000358c: $ 3 <= 00003588
                1894@00003590: $ 8 <= 000005a0
                1898@00003594: $ 8 <= 000035a0
                1906@00003598: $31 <= 000035a0
                1922@000035a8: $ 8 <= 000005b8
                1926@000035ac: $ 8 <= 000035b8
                1934@000035b0: $31 <= 000035b8
                1954@000035c4: $ 8 <= 000005d4
                1958@000035c8: $ 8 <= 000035d4
                1966@000035cc: $31 <= 000035d4
                1982@000035dc: $ 8 <= 000005ec
                1986@000035e0: $ 8 <= 000035ec
                1994@000035e4: $31 <= 000035ec
                2014@000035f8: $ 8 <= 00000608
                2018@000035fc: $ 8 <= 00003608
                2026@00003600: $31 <= 00003608
                2042@00003610: $ 8 <= 00000620
                2046@00003614: $ 8 <= 00003620
                2054@00003618: $31 <= 00003620
                2074@0000362c: $ 8 <= 0000063c
                2078@00003630: $ 8 <= 0000363c
                2086@00003634: $31 <= 0000363c
                2102@00003644: $ 8 <= 00000654
                2106@00003648: $ 8 <= 00003654
                2114@0000364c: $31 <= 00003654
                2134@00003660: $ 8 <= 00000670
                2138@00003664: $ 8 <= 00003670
                2146@00003668: $31 <= 00003670
                2162@00003678: $ 8 <= 00000688
                2166@0000367c: $ 8 <= 00003688
                2174@00003680: $31 <= 00003688
                2194@00003694: $ 8 <= 000006a4
                2198@00003698: $ 8 <= 000036a4
                2206@0000369c: $31 <= 000036a4
                2222@000036ac: $ 8 <= 000006bc
                2226@000036b0: $ 8 <= 000036bc
                2234@000036b4: $31 <= 000036bc
                2254@000036c8: $ 8 <= 000006d8
                2258@000036cc: $ 8 <= 000036d8
                2266@000036d4: *00000000 <= 000036d8
                2266@000036d0: $31 <= 000036d8
                2270@000036d8: *00000000 <= 000036d8
                2274@000036dc: *00000000 <= 000036d8
                2282@000036e0: $ 8 <= 000006f0
                2286@000036e4: $ 8 <= 000036f0
                2294@000036ec: *000006f0 <= 00003588
                2294@000036e8: $31 <= 000036f0
                2298@000036f0: *000006f0 <= 00003588
                2302@000036f4: *000006f0 <= 00003588
                2310@000036f8: $ 8 <= 00000708
                2314@000036fc: $ 8 <= 00003708
                2322@00003704: *00000000 <= 00003708
                2322@00003700: $31 <= 00003708
                2326@00003708: *00000000 <= 00003708
                2330@0000370c: *00000000 <= 00003708
                2338@00003710: $ 8 <= 00000720
                2342@00003714: $ 8 <= 00003720
                2350@0000371c: *00000720 <= 00003588
                2350@00003718: $31 <= 00003720
                2354@00003720: *00000720 <= 00003588
                2358@00003724: *00000720 <= 00003588
                2366@00003728: $ 8 <= 00000738
                2370@0000372c: $ 8 <= 00003738
                2378@00003734: *00000000 <= 00003738
                2378@00003730: $31 <= 00003738
                2382@00003738: *00000000 <= 00003738
                2386@0000373c: *00000000 <= 00003738
                2394@00003740: $ 8 <= 00000750
                2398@00003744: $ 8 <= 00003750
                2406@0000374c: *00000750 <= 00000088
                2406@00003748: $31 <= 00003750
                2410@00003750: *00000750 <= 00000088
                2414@00003754: *00000750 <= 00000088
                2422@00003758: $ 8 <= 00000768
                2426@0000375c: $ 8 <= 00003768
                2434@00003760: $31 <= 00003768
                2438@00003764: $ 1 <= 00000000
                2442@00003768: $ 2 <= 00000000
                2446@0000376c: $ 3 <= 00000000
                2450@00003770: $ 8 <= 00000780
                2454@00003774: $ 8 <= 00003780
                2462@00003778: $31 <= 00003780
                2466@0000377c: $ 1 <= 00000000
                2470@00003780: $ 2 <= 00000000
                2474@00003784: $ 3 <= 00000000
                2478@00003788: $ 8 <= 00000798
                2482@0000378c: $ 8 <= 00003798
                2490@00003790: $31 <= 00003798
                2494@00003794: $ 1 <= 00000000
                2498@00003798: $ 2 <= 00000000
                2502@0000379c: $ 3 <= 00000000
                2506@000037a0: $ 8 <= 000007b0
                2510@000037a4: $ 8 <= 000037b0
                2518@000037a8: $31 <= 000037b0
                2522@000037ac: $ 1 <= 00000000
                2526@000037b0: $ 2 <= 00000000
                2530@000037b4: $ 3 <= 00000000
                2534@000037b8: $ 8 <= 000007c8
                2538@000037bc: $ 8 <= 000037c8
                2546@000037c0: $31 <= 000037c8
                2550@000037c4: $ 1 <= 00000000
                2554@000037c8: $ 2 <= 00000000
                2558@000037cc: $ 3 <= 00000000
                2562@000037d0: $ 8 <= 000007e0
                2566@000037d4: $ 8 <= 000037e0
                2574@000037d8: $31 <= 000037e0
                2590@000037e8: $ 8 <= 000007f8
                2594@000037ec: $ 8 <= 000037f8
                2602@000037f0: $31 <= 000037f8
                2618@00003800: $ 1 <= 00000001
                2622@00003804: $ 8 <= 00000814
                2626@00003808: $ 8 <= 00003814
                2634@0000380c: $31 <= 00003814
                2698@0000381c: $ 1 <= 00000001
                2702@00003820: $ 8 <= 00000830
                2706@00003824: $ 8 <= 00003830
                2714@00003828: $31 <= 00003830
                2782@00003838: $ 1 <= 00000001
                2786@0000383c: $ 8 <= 0000084c
                2790@00003840: $ 8 <= 0000384c
                2798@00003844: $31 <= 0000384c
                2906@00003854: $ 1 <= 00000001
                2910@00003858: $ 8 <= 00000868
                2914@0000385c: $ 8 <= 00003868
                2922@00003860: $31 <= 00003868
                3050@00003870: $ 8 <= 00003880
                3054@00003874: $ 1 <= 00003880
                3070@00003880: $ 8 <= 00003894
                3074@00003884: $ 1 <= 00003894
                3090@00003894: $ 8 <= 000038ac
                3094@00003898: $ 1 <= 000038ac
                3114@000038ac: $ 8 <= 000038bc
                3118@000038b0: $ 1 <= 000038bc
                3134@000038bc: $ 8 <= 000038d0
                3138@000038c0: $ 1 <= 000038d0
                3154@000038d0: $ 8 <= 000038e8
                3158@000038d4: $ 1 <= 000038e8
                3178@000038e8: $ 8 <= 000038f8
                3182@000038ec: $ 1 <= 000038f8
                3198@000038f8: $ 8 <= 0000390c
                3202@000038fc: $ 1 <= 0000390c
                3218@0000390c: $ 8 <= 00003924
                3222@00003910: $ 1 <= 00003924
                3242@00003924: $ 8 <= 00003934
                3246@00003928: $ 1 <= 00003934
                3262@00003934: $ 8 <= 00003948
                3266@00003938: $ 1 <= 00003948
                3282@00003948: $ 8 <= 00003960
                3286@0000394c: $ 1 <= 00003960
                3306@00003960: $ 9 <= 0000ffff
                3310@00003964: $ 8 <= 00003974
                3314@00003968: $ 1 <= 00003974
                3330@00003974: $ 9 <= 0000ffff
                3334@00003978: $ 8 <= 0000398c
                3338@0000397c: $ 1 <= 0000398c
                3354@0000398c: $ 9 <= 0000ffff
                3358@00003990: $ 8 <= 000039a8
                3362@00003994: $ 1 <= 000039a8
                3382@000039a8: $ 8 <= 000039b8
                3386@000039ac: $ 1 <= 000039b8
                3402@000039b8: $ 8 <= 000039cc
                3406@000039bc: $ 1 <= 000039cc
                3422@000039cc: $ 8 <= 000039e4
                3426@000039d0: $ 1 <= 000039e4
                3446@000039e4: $ 1 <= ffff0000
                3450@000039e8: $ 1 <= ffffc603
                3454@000039ec: $ 8 <= ffffc603
                3458@000039f0: $ 1 <= 000039fc
                3474@000039fc: $ 1 <= ffff0000
                3478@00003a00: $ 1 <= ffffc5e7
                3482@00003a04: $ 8 <= ffffc5e7
                3486@00003a08: $ 1 <= 00003a18
                3502@00003a18: $ 1 <= ffff0000
                3506@00003a1c: $ 1 <= ffffc5c7
                3510@00003a20: $ 8 <= ffffc5c7
                3514@00003a24: $ 1 <= 00003a38
                3534@00003a38: $ 8 <= 00003a48
                3538@00003a3c: $ 1 <= 00003a48
                3554@00003a48: $ 8 <= 00003a5c
                3558@00003a4c: $ 1 <= 00003a5c
                3574@00003a5c: $ 8 <= 00003a74
                3578@00003a60: $ 1 <= 00003a74
                3598@00003a74: $ 8 <= 00003a84
                3602@00003a78: $ 1 <= 00003a84
                3618@00003a84: $ 8 <= 00003a98
                3622@00003a88: $ 1 <= 00003a98
                3638@00003a98: $ 8 <= 00003ab0
                3642@00003a9c: $ 1 <= 00003ab0
                3662@00003ab0: $ 8 <= 00003ac0
                3666@00003ab4: $ 1 <= 00003ac0
                3682@00003ac0: $ 8 <= 00003ad4
                3686@00003ac4: $ 1 <= 00003ad4
                3702@00003ad4: $ 8 <= 00003aec
                3706@00003ad8: $ 1 <= 00003aec
                3726@00003aec: $ 8 <= 00003afc
                3730@00003af0: $ 1 <= 00003afc
                3746@00003afc: $ 8 <= 00003b10
                3750@00003b00: $ 1 <= 00003b10
                3766@00003b10: $ 8 <= 00003b28
                3770@00003b14: $ 1 <= 00003b28
                3790@00003b28: $ 8 <= 00003b38
                3794@00003b2c: $ 1 <= 00003b38
                3810@00003b38: $ 8 <= 00003b4c
                3814@00003b3c: $ 1 <= 00003b4c
                3830@00003b4c: $ 8 <= 00003b64
                3834@00003b50: $ 1 <= 00003b64
                3854@00003b64: $ 8 <= 00003b74
                3858@00003b68: $ 1 <= 00003b74
                3874@00003b74: $ 8 <= 00003b88
                3878@00003b78: $ 1 <= 00003b88
                3894@00003b88: $ 8 <= 00003ba0
                3898@00003b8c: $ 1 <= 00003ba0
                3918@00003ba0: $ 8 <= 00003bb0
                3922@00003ba4: $ 1 <= 00003bb0
                3938@00003bb0: $ 8 <= 00003bc4
                3942@00003bb4: $ 1 <= 00003bc4
                3958@00003bc4: $ 8 <= 00003bdc
                3962@00003bc8: $ 1 <= 00003bdc
                3982@00003bdc: $ 8 <= 00003bec
                3986@00003be0: $ 1 <= 00003bec
                4002@00003bec: $ 8 <= 00003c00
                4006@00003bf0: $ 1 <= 00003c00
                4022@00003c00: $ 8 <= 00003c18
                4026@00003c04: $ 1 <= 00003c18
                4046@00003c18: $ 8 <= 00003c28
                4050@00003c1c: $ 1 <= 00003c28
                4066@00003c28: $ 8 <= 00003c3c
                4070@00003c2c: $ 1 <= 00003c3c
                4086@00003c3c: $ 8 <= 00003c54
                4090@00003c40: $ 1 <= 00003c54
                4110@00003c54: $ 8 <= 00003c64
                4114@00003c58: $ 1 <= 00003c64
                4130@00003c64: $ 8 <= 00003c78
                4134@00003c68: $ 1 <= 00003c78
                4150@00003c78: $ 8 <= 00003c90
                4154@00003c7c: $ 1 <= 00003c90
                4174@00003c90: $ 8 <= 00003ca0
                4178@00003c94: $ 1 <= 00003ca0
                4194@00003ca0: $ 8 <= 00003cb4
                4198@00003ca4: $ 1 <= 00003cb4
                4214@00003cb4: $ 8 <= 00003ccc
                4218@00003cb8: $ 1 <= 00003ccc
                4238@00003ccc: $ 8 <= 00003cdc
                4242@00003cd0: $ 1 <= 00003cdc
                4258@00003cdc: $ 8 <= 00003cf0
                4262@00003ce0: $ 1 <= 00003cf0
                4278@00003cf0: $ 8 <= 00003d08
                4282@00003cf4: $ 1 <= 00003d08
                4302@00003d08: $ 8 <= 00003d1c
                4310@00003d10: $ 1 <= 00003d1c
                4326@00003d1c: $ 8 <= 00003d34
                4334@00003d24: $ 1 <= 00003d34
                4350@00003d34: $ 8 <= 00003d50
                4358@00003d3c: $ 1 <= 00003d50
                4378@00003d50: $ 8 <= 00003d64
                4386@00003d58: $ 1 <= 00003d64
                4402@00003d64: $ 8 <= 00003d7c
                4410@00003d6c: $ 1 <= 00003d7c
                4426@00003d7c: $ 8 <= 00003d98
                4434@00003d84: $ 1 <= 00003d98
                4454@00003d9c: *00000000 <= 00003dac
                4454@00003d98: $ 8 <= 00003dac
                4462@00003da0: $ 1 <= 00003dac
                4482@00003db0: *00000000 <= 00003dc4
                4482@00003dac: $ 8 <= 00003dc4
                4490@00003db4: $ 1 <= 00003dc4
                4510@00003dc8: *00000000 <= 00003de0
                4510@00003dc4: $ 8 <= 00003de0
                4518@00003dcc: $ 1 <= 00003de0
                4538@00003de4: *00000000 <= 00003df4
                4538@00003de0: $ 8 <= 00003df4
                4546@00003de8: $ 1 <= 00003df4
                4566@00003df8: *00000000 <= 00003e0c
                4566@00003df4: $ 8 <= 00003e0c
                4574@00003dfc: $ 1 <= 00003e0c
                4594@00003e10: *00000000 <= 00003e28
                4594@00003e0c: $ 8 <= 00003e28
                4602@00003e14: $ 1 <= 00003e28
                4622@00003e2c: *00000000 <= 00003e3c
                4622@00003e28: $ 8 <= 00003e3c
                4630@00003e30: $ 1 <= 00003e3c
                4650@00003e40: *00000000 <= 00003e54
                4650@00003e3c: $ 8 <= 00003e54
                4658@00003e44: $ 1 <= 00003e54
                4678@00003e58: *00000000 <= 00003e70
                4678@00003e54: $ 8 <= 00003e70
                4686@00003e5c: $ 1 <= 00003e70
                4706@00003e70: $31 <= 00003e78
                4730@00003e88: $31 <= 00003e90
                4758@00003ea4: $ 1 <= 00003eb8
                4766@00003ea8: $31 <= 00003eb0
                4790@00003ec0: $ 1 <= 00003ed4
                4798@00003ec4: $31 <= 00003ecc
                4826@00003ee0: $ 8 <= 00003ef0
                4830@00003ee4: $ 1 <= 00003ef0
                4838@00003ee8: $31 <= 00003ef0
                4846@00003ef0: $ 8 <= 00003f04
                4850@00003ef4: $ 1 <= 00003f04
                4858@00003efc: $31 <= 00003f04
                4866@00003f04: $ 8 <= 00003f1c
                4870@00003f08: $ 1 <= 00003f1c
                4882@00003f14: $31 <= 00003f1c
                4890@00003f1c: $ 8 <= 00003f2c
                4894@00003f20: $ 1 <= 00003f2c
                4902@00003f24: $31 <= 00003f2c
                4910@00003f2c: $ 8 <= 00003f40
                4914@00003f30: $ 1 <= 00003f40
                4922@00003f38: $31 <= 00003f40
                4930@00003f40: $ 8 <= 00003f58
                4934@00003f44: $ 1 <= 00003f58
                4946@00003f50: $31 <= 00003f58
                4954@00003f58: $ 8 <= 00003f68
                4958@00003f5c: $ 1 <= 00003f68
                4966@00003f60: $31 <= 00003f68
                4974@00003f68: $ 8 <= 00003f7c
                4978@00003f6c: $ 1 <= 00003f7c
                4986@00003f74: $31 <= 00003f7c
                4994@00003f7c: $ 8 <= 00003f94
                4998@00003f80: $ 1 <= 00003f94
                5010@00003f8c: $31 <= 00003f94
                5018@00003f94: $ 8 <= 00003fa4
                5022@00003f98: $ 1 <= 00003fa4
                5030@00003f9c: $31 <= 00003fa4
                5038@00003fa4: $ 8 <= 00003fb8
                5042@00003fa8: $ 1 <= 00003fb8
                5050@00003fb0: $31 <= 00003fb8
                5058@00003fb8: $ 8 <= 00003fd0
                5062@00003fbc: $ 1 <= 00003fd0
                5074@00003fc8: $31 <= 00003fd0
                5082@00003fd0: $ 9 <= 0000ffff
                5086@00003fd4: $ 8 <= 00003fe4
                5090@00003fd8: $ 1 <= 00003fe4
                5098@00003fdc: $31 <= 00003fe4
                5106@00003fe4: $ 9 <= 0000ffff
                5110@00003fe8: $ 8 <= 00003ffc
                5114@00003fec: $ 1 <= 00003ffc
                5122@00003ff4: $31 <= 00003ffc
                5130@00003ffc: $ 9 <= 0000ffff
                5134@00004000: $ 8 <= 00004018
                5138@00004004: $ 1 <= 00004018
                5150@00004010: $31 <= 00004018
                5158@00004018: $ 8 <= 00004028
                5162@0000401c: $ 1 <= 00004028
                5170@00004020: $31 <= 00004028
                5178@00004028: $ 8 <= 0000403c
                5182@0000402c: $ 1 <= 0000403c
                5190@00004034: $31 <= 0000403c
                5198@0000403c: $ 8 <= 00004054
                5202@00004040: $ 1 <= 00004054
                5214@0000404c: $31 <= 00004054
                5222@00004054: $ 1 <= ffff0000
                5226@00004058: $ 1 <= ffffbf93
                5230@0000405c: $ 8 <= ffffbf93
                5234@00004060: $ 1 <= 0000406c
                5242@00004064: $31 <= 0000406c
                5250@0000406c: $ 1 <= ffff0000
                5254@00004070: $ 1 <= ffffbf77
                5258@00004074: $ 8 <= ffffbf77
                5262@00004078: $ 1 <= 00004088
                5270@00004080: $31 <= 00004088
                5278@00004088: $ 1 <= ffff0000
                5282@0000408c: $ 1 <= ffffbf57
                5286@00004090: $ 8 <= ffffbf57
                5290@00004094: $ 1 <= 000040a8
                5302@000040a0: $31 <= 000040a8
                5310@000040a8: $ 8 <= 000040b8
                5314@000040ac: $ 1 <= 000040b8
                5322@000040b0: $31 <= 000040b8
                5330@000040b8: $ 8 <= 000040cc
                5334@000040bc: $ 1 <= 000040cc
                5342@000040c4: $31 <= 000040cc
                5350@000040cc: $ 8 <= 000040e4
                5354@000040d0: $ 1 <= 000040e4
                5366@000040dc: $31 <= 000040e4
                5374@000040e4: $ 8 <= 000040f4
                5378@000040e8: $ 1 <= 000040f4
                5386@000040ec: $31 <= 000040f4
                5394@000040f4: $ 8 <= 00004108
                5398@000040f8: $ 1 <= 00004108
                5406@00004100: $31 <= 00004108
                5414@00004108: $ 8 <= 00004120
                5418@0000410c: $ 1 <= 00004120
                5430@00004118: $31 <= 00004120
                5438@00004120: $ 8 <= 00004130
                5442@00004124: $ 1 <= 00004130
                5450@00004128: $31 <= 00004130
                5458@00004130: $ 8 <= 00004144
                5462@00004134: $ 1 <= 00004144
                5470@0000413c: $31 <= 00004144
                5478@00004144: $ 8 <= 0000415c
                5482@00004148: $ 1 <= 0000415c
                5494@00004154: $31 <= 0000415c
                5502@0000415c: $ 8 <= 0000416c
                5506@00004160: $ 1 <= 0000416c
                5514@00004164: $31 <= 0000416c
                5522@0000416c: $ 8 <= 00004180
                5526@00004170: $ 1 <= 00004180
                5534@00004178: $31 <= 00004180
                5542@00004180: $ 8 <= 00004198
                5546@00004184: $ 1 <= 00004198
                5558@00004190: $31 <= 00004198
                5566@00004198: $ 8 <= 000041a8
                5570@0000419c: $ 1 <= 000041a8
                5578@000041a0: $31 <= 000041a8
                5586@000041a8: $ 8 <= 000041bc
                5590@000041ac: $ 1 <= 000041bc
                5598@000041b4: $31 <= 000041bc
                5606@000041bc: $ 8 <= 000041d4
                5610@000041c0: $ 1 <= 000041d4
                5622@000041cc: $31 <= 000041d4
                5630@000041d4: $ 8 <= 000041e4
                5634@000041d8: $ 1 <= 000041e4
                5642@000041dc: $31 <= 000041e4
                5650@000041e4: $ 8 <= 000041f8
                5654@000041e8: $ 1 <= 000041f8
                5662@000041f0: $31 <= 000041f8
                5670@000041f8: $ 8 <= 00004210
                5674@000041fc: $ 1 <= 00004210
                5686@00004208: $31 <= 00004210
                5694@00004210: $ 8 <= 00004220
                5698@00004214: $ 1 <= 00004220
                5706@00004218: $31 <= 00004220
                5714@00004220: $ 8 <= 00004234
                5718@00004224: $ 1 <= 00004234
                5726@0000422c: $31 <= 00004234
                5734@00004234: $ 8 <= 0000424c
                5738@00004238: $ 1 <= 0000424c
                5750@00004244: $31 <= 0000424c
                5758@0000424c: $ 8 <= 0000425c
                5762@00004250: $ 1 <= 0000425c
                5770@00004254: $31 <= 0000425c
                5778@0000425c: $ 8 <= 00004270
                5782@00004260: $ 1 <= 00004270
                5790@00004268: $31 <= 00004270
                5798@00004270: $ 8 <= 00004288
                5802@00004274: $ 1 <= 00004288
                5814@00004280: $31 <= 00004288
                5822@00004288: $ 8 <= 00004298
                5826@0000428c: $ 1 <= 00004298
                5834@00004290: $31 <= 00004298
                5842@00004298: $ 8 <= 000042ac
                5846@0000429c: $ 1 <= 000042ac
                5854@000042a4: $31 <= 000042ac
                5862@000042ac: $ 8 <= 000042c4
                5866@000042b0: $ 1 <= 000042c4
                5878@000042bc: $31 <= 000042c4
                5886@000042c4: $ 8 <= 000042d4
                5890@000042c8: $ 1 <= 000042d4
                5898@000042cc: $31 <= 000042d4
                5906@000042d4: $ 8 <= 000042e8
                5910@000042d8: $ 1 <= 000042e8
                5918@000042e0: $31 <= 000042e8
                5926@000042e8: $ 8 <= 00004300
                5930@000042ec: $ 1 <= 00004300
                5942@000042f8: $31 <= 00004300
                5950@00004300: $ 8 <= 00004310
                5954@00004304: $ 1 <= 00004310
                5962@00004308: $31 <= 00004310
                5970@00004310: $ 8 <= 00004324
                5974@00004314: $ 1 <= 00004324
                5982@0000431c: $31 <= 00004324
                5990@00004324: $ 8 <= 0000433c
                5994@00004328: $ 1 <= 0000433c
                6006@00004334: $31 <= 0000433c
                6014@0000433c: $ 8 <= 0000434c
                6018@00004340: $ 1 <= 0000434c
                6026@00004344: $31 <= 0000434c
                6034@0000434c: $ 8 <= 00004360
                6038@00004350: $ 1 <= 00004360
                6046@00004358: $31 <= 00004360
                6054@00004360: $ 8 <= 00004378
                6058@00004364: $ 1 <= 00004378
                6070@00004370: $31 <= 00004378
                6078@00004378: $ 8 <= 0000438c
                6086@00004380: $ 1 <= 0000438c
                6094@00004384: $31 <= 0000438c
                6102@0000438c: $ 8 <= 000043a4
                6110@00004394: $ 1 <= 000043a4
                6118@0000439c: $31 <= 000043a4
                6126@000043a4: $ 8 <= 000043c0
                6134@000043ac: $ 1 <= 000043c0
                6146@000043b8: $31 <= 000043c0
                6154@000043c0: $ 8 <= 000043d4
                6162@000043c8: $ 1 <= 000043d4
                6170@000043cc: $31 <= 000043d4
                6178@000043d4: $ 8 <= 000043ec
                6186@000043dc: $ 1 <= 000043ec
                6194@000043e4: $31 <= 000043ec
                6202@000043ec: $ 8 <= 00004408
                6210@000043f4: $ 1 <= 00004408
                6222@00004400: $31 <= 00004408
                6230@0000440c: *00000000 <= 0000441c
                6230@00004408: $ 8 <= 0000441c
                6238@00004410: $ 1 <= 0000441c
                6250@00004414: $31 <= 0000441c
                6258@00004420: *00000000 <= 00004434
                6258@0000441c: $ 8 <= 00004434
                6266@00004424: $ 1 <= 00004434
                6278@0000442c: $31 <= 00004434
                6286@00004438: *00000000 <= 00004450
                6286@00004434: $ 8 <= 00004450
                6294@0000443c: $ 1 <= 00004450
                6306@00004448: $31 <= 00004450
                6314@00004454: *00000000 <= 00004464
                6314@00004450: $ 8 <= 00004464
                6322@00004458: $ 1 <= 00004464
                6334@0000445c: $31 <= 00004464
                6342@00004468: *00000000 <= 0000447c
                6342@00004464: $ 8 <= 0000447c
                6350@0000446c: $ 1 <= 0000447c
                6362@00004474: $31 <= 0000447c
                6370@00004480: *00000000 <= 00004498
                6370@0000447c: $ 8 <= 00004498
                6378@00004484: $ 1 <= 00004498
                6390@00004490: $31 <= 00004498
                6398@0000449c: *00000000 <= 000044ac
                6398@00004498: $ 8 <= 000044ac
                6406@000044a0: $ 1 <= 000044ac
                6418@000044a4: $31 <= 000044ac
                6426@000044b0: *00000000 <= 000044c4
                6426@000044ac: $ 8 <= 000044c4
                6434@000044b4: $ 1 <= 000044c4
                6446@000044bc: $31 <= 000044c4
                6454@000044c8: *00000000 <= 000044e0
                6454@000044c4: $ 8 <= 000044e0
                6462@000044cc: $ 1 <= 000044e0
                6474@000044d8: $31 <= 000044e0
                6482@000044e0: $31 <= 000044e8
                6506@000044f8: $31 <= 00004500
                6534@00004514: $ 1 <= 00004528
                6542@00004518: $31 <= 00004520
                6566@00004530: $ 1 <= 00004544
                6574@00004534: $31 <= 0000453c
Stopped at time : 8824292 ns : File "D:/ise/p6_cpu/mips_tb.v" Line 90
# restart
# run 1.00us
Simulator is doing circuit initialization process.
Finished circuit initialization process.
                  38@00003000: $31 <= 00003008
                  42@00003004: $ 1 <= 00003008
                  46@00003008: $ 2 <= 00003008
                  50@0000300c: $ 3 <= 00003008
                  54@00003010: $31 <= 00003018
                  58@00003014: $ 1 <= 00003018
                  62@00003018: $ 2 <= 00003018
                  66@0000301c: $ 3 <= 00003018
                  70@00003020: $31 <= 00003028
                  74@00003024: $ 1 <= 00003028
                  78@00003028: $ 2 <= 00003028
                  82@0000302c: $ 3 <= 00003028
                  86@00003030: $31 <= 00003038
                  90@00003034: $ 1 <= 00003038
                  94@00003038: $ 2 <= 00003038
                  98@0000303c: $ 3 <= 00003038
                 102@00003040: $31 <= 00003048
                 106@00003044: $ 1 <= 00000000
                 110@00003048: $ 2 <= 00000000
                 114@0000304c: $ 3 <= 00000000
                 118@00003050: $31 <= 00003058
                 122@00003054: $ 1 <= 00000000
                 126@00003058: $ 2 <= 00000000
                 130@0000305c: $ 3 <= 00000000
                 134@00003060: $31 <= 00003068
                 138@00003064: $ 1 <= 00000000
                 142@00003068: $ 2 <= 00000000
                 146@0000306c: $ 3 <= 00000000
                 150@00003070: $31 <= 00003078
                 154@00003074: $ 1 <= 00003078
                 158@00003078: $ 2 <= 00003078
                 162@0000307c: $ 3 <= 00003078
                 166@00003080: $31 <= 00003088
                 170@00003084: $ 1 <= ffffcf77
                 174@00003088: $ 2 <= ffffcf77
                 178@0000308c: $ 3 <= ffffcf77
                 182@00003090: $31 <= 00003098
                 186@00003094: $ 1 <= 00003098
                 190@00003098: $ 2 <= 00003098
                 194@0000309c: $ 3 <= 00003098
                 198@000030a0: $31 <= 000030a8
                 202@000030a4: $ 1 <= 000030a8
                 206@000030a8: $ 2 <= 000030a8
                 210@000030ac: $ 3 <= 000030a8
                 214@000030b0: $31 <= 000030b8
                 218@000030b4: $ 1 <= 000030b8
                 222@000030b8: $ 2 <= 000030b8
                 226@000030bc: $ 3 <= 000030b8
                 230@000030c0: $31 <= 000030c8
                 234@000030c4: $ 1 <= 000030c8
                 238@000030c8: $ 2 <= 000030c8
                 242@000030cc: $ 3 <= 000030c8
                 246@000030d0: $31 <= 000030d8
                 250@000030d4: $ 1 <= 000030d8
                 254@000030d8: $ 2 <= 000030d8
                 258@000030dc: $ 3 <= 000030d8
                 262@000030e0: $31 <= 000030e8
                 266@000030e4: $ 1 <= 000030e8
                 270@000030e8: $ 2 <= 000030e8
                 274@000030ec: $ 3 <= 000030e8
                 278@000030f0: $31 <= 000030f8
                 282@000030f4: $ 1 <= 00000000
                 286@000030f8: $ 2 <= 00000000
                 290@000030fc: $ 3 <= 00000000
                 294@00003100: $31 <= 00003108
                 298@00003104: $ 1 <= 00000000
                 302@00003108: $ 2 <= 00000000
                 306@0000310c: $ 3 <= 00000000
                 310@00003110: $31 <= 00003118
                 314@00003114: $ 1 <= 00000000
                 318@00003118: $ 2 <= 00000000
                 322@0000311c: $ 3 <= 00000000
                 326@00003120: $31 <= 00003128
                 330@00003124: $ 1 <= 00003128
                 334@00003128: $ 2 <= 00003128
                 338@0000312c: $ 3 <= 00003128
                 342@00003130: $31 <= 00003138
                 346@00003134: $ 1 <= 00003138
                 350@00003138: $ 2 <= 00003138
                 354@0000313c: $ 3 <= 00003138
                 358@00003140: $31 <= 00003148
                 362@00003144: $ 1 <= 00003148
                 366@00003148: $ 2 <= 00003148
                 370@0000314c: $ 3 <= 00003148
                 374@00003150: $31 <= 00003158
                 378@00003154: $ 1 <= 00003158
                 382@00003158: $ 2 <= 00003158
                 386@0000315c: $ 3 <= 00003158
                 390@00003160: $31 <= 00003168
                 394@00003164: $ 1 <= 00003168
                 398@00003168: $ 2 <= 00003168
                 402@0000316c: $ 3 <= 00003168
                 406@00003170: $31 <= 00003178
                 422@00003180: $31 <= 00003188
                 442@00003194: $31 <= 0000319c
                 458@000031a4: $31 <= 000031ac
                 478@000031b8: $31 <= 000031c0
                 494@000031c8: $31 <= 000031d0
                 514@000031dc: $31 <= 000031e4
                 530@000031ec: $31 <= 000031f4
                 550@00003200: $31 <= 00003208
                 566@00003210: $31 <= 00003218
                 586@00003224: $31 <= 0000322c
                 602@00003234: $31 <= 0000323c
                 622@0000324c: *00000000 <= 00003250
                 622@00003248: $31 <= 00003250
                 626@00003250: *00000000 <= 00003250
                 630@00003254: *00000000 <= 00003250
                 638@0000325c: *00000260 <= 00003168
                 638@00003258: $31 <= 00003260
                 642@00003260: *00000260 <= 00003168
                 646@00003264: *00000260 <= 00003168
                 654@0000326c: *00000000 <= 00003270
                 654@00003268: $31 <= 00003270
                 658@00003270: *00000000 <= 00003270
                 662@00003274: *00000000 <= 00003270
                 670@0000327c: *00000280 <= 00003168
                 670@00003278: $31 <= 00003280
                 674@00003280: *00000280 <= 00003168
                 678@00003284: *00000280 <= 00003168
                 686@0000328c: *00000000 <= 00003290
                 686@00003288: $31 <= 00003290
                 690@00003290: *00000000 <= 00003290
                 694@00003294: *00000000 <= 00003290
                 702@0000329c: *000002a0 <= 00000068
                 702@00003298: $31 <= 000032a0
                 706@000032a0: *000002a0 <= 00000068
                 710@000032a4: *000002a0 <= 00000068
                 718@000032a8: $31 <= 000032b0
                 722@000032ac: $ 1 <= 00000000
                 726@000032b0: $ 2 <= 00000000
                 730@000032b4: $ 3 <= 00000000
                 734@000032b8: $31 <= 000032c0
                 738@000032bc: $ 1 <= 00000000
                 742@000032c0: $ 2 <= 00000000
                 746@000032c4: $ 3 <= 00000000
                 750@000032c8: $31 <= 000032d0
                 754@000032cc: $ 1 <= 00000000
                 758@000032d0: $ 2 <= 00000000
                 762@000032d4: $ 3 <= 00000000
                 766@000032d8: $31 <= 000032e0
                 770@000032dc: $ 1 <= 00000000
                 774@000032e0: $ 2 <= 00000000
                 778@000032e4: $ 3 <= 00000000
                 782@000032e8: $31 <= 000032f0
                 786@000032ec: $ 1 <= 00000000
                 790@000032f0: $ 2 <= 00000000
                 794@000032f4: $ 3 <= 00000000
                 798@000032f8: $31 <= 00003300
                 814@00003308: $31 <= 00003310
                 830@00003318: $ 1 <= 00000001
                 834@0000331c: $31 <= 00003324
                 898@0000332c: $ 1 <= 00000001
                 902@00003330: $31 <= 00003338
                 982@00003340: $ 1 <= 00000001
                 986@00003344: $31 <= 0000334c
# run 1.00us
                1106@00003354: $ 1 <= 00000001
                1110@00003358: $31 <= 00003360
                1250@00003368: $ 8 <= 00000378
                1254@0000336c: $ 8 <= 00003378
                1262@00003370: $31 <= 00003378
                1266@00003374: $ 1 <= 00003378
                1270@00003378: $ 2 <= 00003378
                1274@0000337c: $ 3 <= 00003378
                1278@00003380: $ 8 <= 00000390
                1282@00003384: $ 8 <= 00003390
                1290@00003388: $31 <= 00003390
                1294@0000338c: $ 1 <= 00003390
                1298@00003390: $ 2 <= 00003390
                1302@00003394: $ 3 <= 00003390
                1306@00003398: $ 8 <= 000003a8
                1310@0000339c: $ 8 <= 000033a8
                1318@000033a0: $31 <= 000033a8
                1322@000033a4: $ 1 <= 000033a8
                1326@000033a8: $ 2 <= 000033a8
                1330@000033ac: $ 3 <= 000033a8
                1334@000033b0: $ 8 <= 000003c0
                1338@000033b4: $ 8 <= 000033c0
                1346@000033b8: $31 <= 000033c0
                1350@000033bc: $ 1 <= 000033c0
                1354@000033c0: $ 2 <= 000033c0
                1358@000033c4: $ 3 <= 000033c0
                1362@000033c8: $ 8 <= 000003d8
                1366@000033cc: $ 8 <= 000033d8
                1374@000033d0: $31 <= 000033d8
                1378@000033d4: $ 1 <= 00000000
                1382@000033d8: $ 2 <= 00000000
                1386@000033dc: $ 3 <= 00000000
                1390@000033e0: $ 8 <= 000003f0
                1394@000033e4: $ 8 <= 000033f0
                1402@000033e8: $31 <= 000033f0
                1406@000033ec: $ 1 <= 00000000
                1410@000033f0: $ 2 <= 00000000
                1414@000033f4: $ 3 <= 00000000
                1418@000033f8: $ 8 <= 00000408
                1422@000033fc: $ 8 <= 00003408
                1430@00003400: $31 <= 00003408
                1434@00003404: $ 1 <= 00000000
                1438@00003408: $ 2 <= 00000000
                1442@0000340c: $ 3 <= 00000000
                1446@00003410: $ 8 <= 00000420
                1450@00003414: $ 8 <= 00003420
                1458@00003418: $31 <= 00003420
                1462@0000341c: $ 1 <= 00003420
                1466@00003420: $ 2 <= 00003420
                1470@00003424: $ 3 <= 00003420
                1474@00003428: $ 8 <= 00000438
                1478@0000342c: $ 8 <= 00003438
                1486@00003430: $31 <= 00003438
                1490@00003434: $ 1 <= ffffcbc7
                1494@00003438: $ 2 <= ffffcbc7
                1498@0000343c: $ 3 <= ffffcbc7
                1502@00003440: $ 8 <= 00000450
                1506@00003444: $ 8 <= 00003450
                1514@00003448: $31 <= 00003450
                1518@0000344c: $ 1 <= 00003450
                1522@00003450: $ 2 <= 00003450
                1526@00003454: $ 3 <= 00003450
                1530@00003458: $ 8 <= 00000468
                1534@0000345c: $ 8 <= 00003468
                1542@00003460: $31 <= 00003468
                1546@00003464: $ 1 <= 00003468
                1550@00003468: $ 2 <= 00003468
                1554@0000346c: $ 3 <= 00003468
                1558@00003470: $ 8 <= 00000480
                1562@00003474: $ 8 <= 00003480
                1570@00003478: $31 <= 00003480
                1574@0000347c: $ 1 <= 00003480
                1578@00003480: $ 2 <= 00003480
                1582@00003484: $ 3 <= 00003480
                1586@00003488: $ 8 <= 00000498
                1590@0000348c: $ 8 <= 00003498
                1598@00003490: $31 <= 00003498
                1602@00003494: $ 1 <= 00003498
                1606@00003498: $ 2 <= 00003498
                1610@0000349c: $ 3 <= 00003498
                1614@000034a0: $ 8 <= 000004b0
                1618@000034a4: $ 8 <= 000034b0
                1626@000034a8: $31 <= 000034b0
                1630@000034ac: $ 1 <= 000034b0
                1634@000034b0: $ 2 <= 000034b0
                1638@000034b4: $ 3 <= 000034b0
                1642@000034b8: $ 8 <= 000004c8
                1646@000034bc: $ 8 <= 000034c8
                1654@000034c0: $31 <= 000034c8
                1658@000034c4: $ 1 <= 000034c8
                1662@000034c8: $ 2 <= 000034c8
                1666@000034cc: $ 3 <= 000034c8
                1670@000034d0: $ 8 <= 000004e0
                1674@000034d4: $ 8 <= 000034e0
                1682@000034d8: $31 <= 000034e0
                1686@000034dc: $ 1 <= 00000000
                1690@000034e0: $ 2 <= 00000000
                1694@000034e4: $ 3 <= 00000000
                1698@000034e8: $ 8 <= 000004f8
                1702@000034ec: $ 8 <= 000034f8
                1710@000034f0: $31 <= 000034f8
                1714@000034f4: $ 1 <= 00000000
                1718@000034f8: $ 2 <= 00000000
                1722@000034fc: $ 3 <= 00000000
                1726@00003500: $ 8 <= 00000510
                1730@00003504: $ 8 <= 00003510
                1738@00003508: $31 <= 00003510
                1742@0000350c: $ 1 <= 00000000
                1746@00003510: $ 2 <= 00000000
                1750@00003514: $ 3 <= 00000000
                1754@00003518: $ 8 <= 00000528
                1758@0000351c: $ 8 <= 00003528
                1766@00003520: $31 <= 00003528
                1770@00003524: $ 1 <= 00003528
                1774@00003528: $ 2 <= 00003528
                1778@0000352c: $ 3 <= 00003528
                1782@00003530: $ 8 <= 00000540
                1786@00003534: $ 8 <= 00003540
                1794@00003538: $31 <= 00003540
                1798@0000353c: $ 1 <= 00003540
                1802@00003540: $ 2 <= 00003540
                1806@00003544: $ 3 <= 00003540
                1810@00003548: $ 8 <= 00000558
                1814@0000354c: $ 8 <= 00003558
                1822@00003550: $31 <= 00003558
                1826@00003554: $ 1 <= 00003558
                1830@00003558: $ 2 <= 00003558
                1834@0000355c: $ 3 <= 00003558
                1838@00003560: $ 8 <= 00000570
                1842@00003564: $ 8 <= 00003570
                1850@00003568: $31 <= 00003570
                1854@0000356c: $ 1 <= 00003570
                1858@00003570: $ 2 <= 00003570
                1862@00003574: $ 3 <= 00003570
                1866@00003578: $ 8 <= 00000588
                1870@0000357c: $ 8 <= 00003588
                1878@00003580: $31 <= 00003588
                1882@00003584: $ 1 <= 00003588
                1886@00003588: $ 2 <= 00003588
                1890@0000358c: $ 3 <= 00003588
                1894@00003590: $ 8 <= 000005a0
                1898@00003594: $ 8 <= 000035a0
                1906@00003598: $31 <= 000035a0
                1922@000035a8: $ 8 <= 000005b8
                1926@000035ac: $ 8 <= 000035b8
                1934@000035b0: $31 <= 000035b8
                1954@000035c4: $ 8 <= 000005d4
                1958@000035c8: $ 8 <= 000035d4
                1966@000035cc: $31 <= 000035d4
                1982@000035dc: $ 8 <= 000005ec
                1986@000035e0: $ 8 <= 000035ec
                1994@000035e4: $31 <= 000035ec
# run 1.00us
                2014@000035f8: $ 8 <= 00000608
                2018@000035fc: $ 8 <= 00003608
                2026@00003600: $31 <= 00003608
                2042@00003610: $ 8 <= 00000620
                2046@00003614: $ 8 <= 00003620
                2054@00003618: $31 <= 00003620
                2074@0000362c: $ 8 <= 0000063c
                2078@00003630: $ 8 <= 0000363c
                2086@00003634: $31 <= 0000363c
                2102@00003644: $ 8 <= 00000654
                2106@00003648: $ 8 <= 00003654
                2114@0000364c: $31 <= 00003654
                2134@00003660: $ 8 <= 00000670
                2138@00003664: $ 8 <= 00003670
                2146@00003668: $31 <= 00003670
                2162@00003678: $ 8 <= 00000688
                2166@0000367c: $ 8 <= 00003688
                2174@00003680: $31 <= 00003688
                2194@00003694: $ 8 <= 000006a4
                2198@00003698: $ 8 <= 000036a4
                2206@0000369c: $31 <= 000036a4
                2222@000036ac: $ 8 <= 000006bc
                2226@000036b0: $ 8 <= 000036bc
                2234@000036b4: $31 <= 000036bc
                2254@000036c8: $ 8 <= 000006d8
                2258@000036cc: $ 8 <= 000036d8
                2266@000036d4: *00000000 <= 000036d8
                2266@000036d0: $31 <= 000036d8
                2270@000036d8: *00000000 <= 000036d8
                2274@000036dc: *00000000 <= 000036d8
                2282@000036e0: $ 8 <= 000006f0
                2286@000036e4: $ 8 <= 000036f0
                2294@000036ec: *000006f0 <= 00003588
                2294@000036e8: $31 <= 000036f0
                2298@000036f0: *000006f0 <= 00003588
                2302@000036f4: *000006f0 <= 00003588
                2310@000036f8: $ 8 <= 00000708
                2314@000036fc: $ 8 <= 00003708
                2322@00003704: *00000000 <= 00003708
                2322@00003700: $31 <= 00003708
                2326@00003708: *00000000 <= 00003708
                2330@0000370c: *00000000 <= 00003708
                2338@00003710: $ 8 <= 00000720
                2342@00003714: $ 8 <= 00003720
                2350@0000371c: *00000720 <= 00003588
                2350@00003718: $31 <= 00003720
                2354@00003720: *00000720 <= 00003588
                2358@00003724: *00000720 <= 00003588
                2366@00003728: $ 8 <= 00000738
                2370@0000372c: $ 8 <= 00003738
                2378@00003734: *00000000 <= 00003738
                2378@00003730: $31 <= 00003738
                2382@00003738: *00000000 <= 00003738
                2386@0000373c: *00000000 <= 00003738
                2394@00003740: $ 8 <= 00000750
                2398@00003744: $ 8 <= 00003750
                2406@0000374c: *00000750 <= 00000088
                2406@00003748: $31 <= 00003750
                2410@00003750: *00000750 <= 00000088
                2414@00003754: *00000750 <= 00000088
                2422@00003758: $ 8 <= 00000768
                2426@0000375c: $ 8 <= 00003768
                2434@00003760: $31 <= 00003768
                2438@00003764: $ 1 <= 00000000
                2442@00003768: $ 2 <= 00000000
                2446@0000376c: $ 3 <= 00000000
                2450@00003770: $ 8 <= 00000780
                2454@00003774: $ 8 <= 00003780
                2462@00003778: $31 <= 00003780
                2466@0000377c: $ 1 <= 00000000
                2470@00003780: $ 2 <= 00000000
                2474@00003784: $ 3 <= 00000000
                2478@00003788: $ 8 <= 00000798
                2482@0000378c: $ 8 <= 00003798
                2490@00003790: $31 <= 00003798
                2494@00003794: $ 1 <= 00000000
                2498@00003798: $ 2 <= 00000000
                2502@0000379c: $ 3 <= 00000000
                2506@000037a0: $ 8 <= 000007b0
                2510@000037a4: $ 8 <= 000037b0
                2518@000037a8: $31 <= 000037b0
                2522@000037ac: $ 1 <= 00000000
                2526@000037b0: $ 2 <= 00000000
                2530@000037b4: $ 3 <= 00000000
                2534@000037b8: $ 8 <= 000007c8
                2538@000037bc: $ 8 <= 000037c8
                2546@000037c0: $31 <= 000037c8
                2550@000037c4: $ 1 <= 00000000
                2554@000037c8: $ 2 <= 00000000
                2558@000037cc: $ 3 <= 00000000
                2562@000037d0: $ 8 <= 000007e0
                2566@000037d4: $ 8 <= 000037e0
                2574@000037d8: $31 <= 000037e0
                2590@000037e8: $ 8 <= 000007f8
                2594@000037ec: $ 8 <= 000037f8
                2602@000037f0: $31 <= 000037f8
                2618@00003800: $ 1 <= 00000001
                2622@00003804: $ 8 <= 00000814
                2626@00003808: $ 8 <= 00003814
                2634@0000380c: $31 <= 00003814
                2698@0000381c: $ 1 <= 00000001
                2702@00003820: $ 8 <= 00000830
                2706@00003824: $ 8 <= 00003830
                2714@00003828: $31 <= 00003830
                2782@00003838: $ 1 <= 00000001
                2786@0000383c: $ 8 <= 0000084c
                2790@00003840: $ 8 <= 0000384c
                2798@00003844: $31 <= 0000384c
                2906@00003854: $ 1 <= 00000001
                2910@00003858: $ 8 <= 00000868
                2914@0000385c: $ 8 <= 00003868
                2922@00003860: $31 <= 00003868
# run 1.00us
                3050@00003870: $ 8 <= 00003880
                3054@00003874: $ 1 <= 00003880
                3070@00003880: $ 8 <= 00003894
                3074@00003884: $ 1 <= 00003894
                3090@00003894: $ 8 <= 000038ac
                3094@00003898: $ 1 <= 000038ac
                3114@000038ac: $ 8 <= 000038bc
                3118@000038b0: $ 1 <= 000038bc
                3134@000038bc: $ 8 <= 000038d0
                3138@000038c0: $ 1 <= 000038d0
                3154@000038d0: $ 8 <= 000038e8
                3158@000038d4: $ 1 <= 000038e8
                3178@000038e8: $ 8 <= 000038f8
                3182@000038ec: $ 1 <= 000038f8
                3198@000038f8: $ 8 <= 0000390c
                3202@000038fc: $ 1 <= 0000390c
                3218@0000390c: $ 8 <= 00003924
                3222@00003910: $ 1 <= 00003924
                3242@00003924: $ 8 <= 00003934
                3246@00003928: $ 1 <= 00003934
                3262@00003934: $ 8 <= 00003948
                3266@00003938: $ 1 <= 00003948
                3282@00003948: $ 8 <= 00003960
                3286@0000394c: $ 1 <= 00003960
                3306@00003960: $ 9 <= 0000ffff
                3310@00003964: $ 8 <= 00003974
                3314@00003968: $ 1 <= 00003974
                3330@00003974: $ 9 <= 0000ffff
                3334@00003978: $ 8 <= 0000398c
                3338@0000397c: $ 1 <= 0000398c
                3354@0000398c: $ 9 <= 0000ffff
                3358@00003990: $ 8 <= 000039a8
                3362@00003994: $ 1 <= 000039a8
                3382@000039a8: $ 8 <= 000039b8
                3386@000039ac: $ 1 <= 000039b8
                3402@000039b8: $ 8 <= 000039cc
                3406@000039bc: $ 1 <= 000039cc
                3422@000039cc: $ 8 <= 000039e4
                3426@000039d0: $ 1 <= 000039e4
                3446@000039e4: $ 1 <= ffff0000
                3450@000039e8: $ 1 <= ffffc603
                3454@000039ec: $ 8 <= ffffc603
                3458@000039f0: $ 1 <= 000039fc
                3474@000039fc: $ 1 <= ffff0000
                3478@00003a00: $ 1 <= ffffc5e7
                3482@00003a04: $ 8 <= ffffc5e7
                3486@00003a08: $ 1 <= 00003a18
                3502@00003a18: $ 1 <= ffff0000
                3506@00003a1c: $ 1 <= ffffc5c7
                3510@00003a20: $ 8 <= ffffc5c7
                3514@00003a24: $ 1 <= 00003a38
                3534@00003a38: $ 8 <= 00003a48
                3538@00003a3c: $ 1 <= 00003a48
                3554@00003a48: $ 8 <= 00003a5c
                3558@00003a4c: $ 1 <= 00003a5c
                3574@00003a5c: $ 8 <= 00003a74
                3578@00003a60: $ 1 <= 00003a74
                3598@00003a74: $ 8 <= 00003a84
                3602@00003a78: $ 1 <= 00003a84
                3618@00003a84: $ 8 <= 00003a98
                3622@00003a88: $ 1 <= 00003a98
                3638@00003a98: $ 8 <= 00003ab0
                3642@00003a9c: $ 1 <= 00003ab0
                3662@00003ab0: $ 8 <= 00003ac0
                3666@00003ab4: $ 1 <= 00003ac0
                3682@00003ac0: $ 8 <= 00003ad4
                3686@00003ac4: $ 1 <= 00003ad4
                3702@00003ad4: $ 8 <= 00003aec
                3706@00003ad8: $ 1 <= 00003aec
                3726@00003aec: $ 8 <= 00003afc
                3730@00003af0: $ 1 <= 00003afc
                3746@00003afc: $ 8 <= 00003b10
                3750@00003b00: $ 1 <= 00003b10
                3766@00003b10: $ 8 <= 00003b28
                3770@00003b14: $ 1 <= 00003b28
                3790@00003b28: $ 8 <= 00003b38
                3794@00003b2c: $ 1 <= 00003b38
                3810@00003b38: $ 8 <= 00003b4c
                3814@00003b3c: $ 1 <= 00003b4c
                3830@00003b4c: $ 8 <= 00003b64
                3834@00003b50: $ 1 <= 00003b64
                3854@00003b64: $ 8 <= 00003b74
                3858@00003b68: $ 1 <= 00003b74
                3874@00003b74: $ 8 <= 00003b88
                3878@00003b78: $ 1 <= 00003b88
                3894@00003b88: $ 8 <= 00003ba0
                3898@00003b8c: $ 1 <= 00003ba0
                3918@00003ba0: $ 8 <= 00003bb0
                3922@00003ba4: $ 1 <= 00003bb0
                3938@00003bb0: $ 8 <= 00003bc4
                3942@00003bb4: $ 1 <= 00003bc4
                3958@00003bc4: $ 8 <= 00003bdc
                3962@00003bc8: $ 1 <= 00003bdc
                3982@00003bdc: $ 8 <= 00003bec
                3986@00003be0: $ 1 <= 00003bec
# run 1.00us
                4002@00003bec: $ 8 <= 00003c00
                4006@00003bf0: $ 1 <= 00003c00
                4022@00003c00: $ 8 <= 00003c18
                4026@00003c04: $ 1 <= 00003c18
                4046@00003c18: $ 8 <= 00003c28
                4050@00003c1c: $ 1 <= 00003c28
                4066@00003c28: $ 8 <= 00003c3c
                4070@00003c2c: $ 1 <= 00003c3c
                4086@00003c3c: $ 8 <= 00003c54
                4090@00003c40: $ 1 <= 00003c54
                4110@00003c54: $ 8 <= 00003c64
                4114@00003c58: $ 1 <= 00003c64
                4130@00003c64: $ 8 <= 00003c78
                4134@00003c68: $ 1 <= 00003c78
                4150@00003c78: $ 8 <= 00003c90
                4154@00003c7c: $ 1 <= 00003c90
                4174@00003c90: $ 8 <= 00003ca0
                4178@00003c94: $ 1 <= 00003ca0
                4194@00003ca0: $ 8 <= 00003cb4
                4198@00003ca4: $ 1 <= 00003cb4
                4214@00003cb4: $ 8 <= 00003ccc
                4218@00003cb8: $ 1 <= 00003ccc
                4238@00003ccc: $ 8 <= 00003cdc
                4242@00003cd0: $ 1 <= 00003cdc
                4258@00003cdc: $ 8 <= 00003cf0
                4262@00003ce0: $ 1 <= 00003cf0
                4278@00003cf0: $ 8 <= 00003d08
                4282@00003cf4: $ 1 <= 00003d08
                4302@00003d08: $ 8 <= 00003d1c
                4310@00003d10: $ 1 <= 00003d1c
                4326@00003d1c: $ 8 <= 00003d34
                4334@00003d24: $ 1 <= 00003d34
                4350@00003d34: $ 8 <= 00003d50
                4358@00003d3c: $ 1 <= 00003d50
                4378@00003d50: $ 8 <= 00003d64
                4386@00003d58: $ 1 <= 00003d64
                4402@00003d64: $ 8 <= 00003d7c
                4410@00003d6c: $ 1 <= 00003d7c
                4426@00003d7c: $ 8 <= 00003d98
                4434@00003d84: $ 1 <= 00003d98
                4454@00003d9c: *00000000 <= 00003dac
                4454@00003d98: $ 8 <= 00003dac
                4462@00003da0: $ 1 <= 00003dac
                4482@00003db0: *00000000 <= 00003dc4
                4482@00003dac: $ 8 <= 00003dc4
                4490@00003db4: $ 1 <= 00003dc4
                4510@00003dc8: *00000000 <= 00003de0
                4510@00003dc4: $ 8 <= 00003de0
                4518@00003dcc: $ 1 <= 00003de0
                4538@00003de4: *00000000 <= 00003df4
                4538@00003de0: $ 8 <= 00003df4
                4546@00003de8: $ 1 <= 00003df4
                4566@00003df8: *00000000 <= 00003e0c
                4566@00003df4: $ 8 <= 00003e0c
                4574@00003dfc: $ 1 <= 00003e0c
                4594@00003e10: *00000000 <= 00003e28
                4594@00003e0c: $ 8 <= 00003e28
                4602@00003e14: $ 1 <= 00003e28
                4622@00003e2c: *00000000 <= 00003e3c
                4622@00003e28: $ 8 <= 00003e3c
                4630@00003e30: $ 1 <= 00003e3c
                4650@00003e40: *00000000 <= 00003e54
                4650@00003e3c: $ 8 <= 00003e54
                4658@00003e44: $ 1 <= 00003e54
                4678@00003e58: *00000000 <= 00003e70
                4678@00003e54: $ 8 <= 00003e70
                4686@00003e5c: $ 1 <= 00003e70
                4706@00003e70: $31 <= 00003e78
                4730@00003e88: $31 <= 00003e90
                4758@00003ea4: $ 1 <= 00003eb8
                4766@00003ea8: $31 <= 00003eb0
                4790@00003ec0: $ 1 <= 00003ed4
                4798@00003ec4: $31 <= 00003ecc
                4826@00003ee0: $ 8 <= 00003ef0
                4830@00003ee4: $ 1 <= 00003ef0
                4838@00003ee8: $31 <= 00003ef0
                4846@00003ef0: $ 8 <= 00003f04
                4850@00003ef4: $ 1 <= 00003f04
                4858@00003efc: $31 <= 00003f04
                4866@00003f04: $ 8 <= 00003f1c
                4870@00003f08: $ 1 <= 00003f1c
                4882@00003f14: $31 <= 00003f1c
                4890@00003f1c: $ 8 <= 00003f2c
                4894@00003f20: $ 1 <= 00003f2c
                4902@00003f24: $31 <= 00003f2c
                4910@00003f2c: $ 8 <= 00003f40
                4914@00003f30: $ 1 <= 00003f40
                4922@00003f38: $31 <= 00003f40
                4930@00003f40: $ 8 <= 00003f58
                4934@00003f44: $ 1 <= 00003f58
                4946@00003f50: $31 <= 00003f58
                4954@00003f58: $ 8 <= 00003f68
                4958@00003f5c: $ 1 <= 00003f68
                4966@00003f60: $31 <= 00003f68
                4974@00003f68: $ 8 <= 00003f7c
                4978@00003f6c: $ 1 <= 00003f7c
                4986@00003f74: $31 <= 00003f7c
                4994@00003f7c: $ 8 <= 00003f94
                4998@00003f80: $ 1 <= 00003f94
# run 1.00us
                5010@00003f8c: $31 <= 00003f94
                5018@00003f94: $ 8 <= 00003fa4
                5022@00003f98: $ 1 <= 00003fa4
                5030@00003f9c: $31 <= 00003fa4
                5038@00003fa4: $ 8 <= 00003fb8
                5042@00003fa8: $ 1 <= 00003fb8
                5050@00003fb0: $31 <= 00003fb8
                5058@00003fb8: $ 8 <= 00003fd0
                5062@00003fbc: $ 1 <= 00003fd0
                5074@00003fc8: $31 <= 00003fd0
                5082@00003fd0: $ 9 <= 0000ffff
                5086@00003fd4: $ 8 <= 00003fe4
                5090@00003fd8: $ 1 <= 00003fe4
                5098@00003fdc: $31 <= 00003fe4
                5106@00003fe4: $ 9 <= 0000ffff
                5110@00003fe8: $ 8 <= 00003ffc
                5114@00003fec: $ 1 <= 00003ffc
                5122@00003ff4: $31 <= 00003ffc
                5130@00003ffc: $ 9 <= 0000ffff
                5134@00004000: $ 8 <= 00004018
                5138@00004004: $ 1 <= 00004018
                5150@00004010: $31 <= 00004018
                5158@00004018: $ 8 <= 00004028
                5162@0000401c: $ 1 <= 00004028
                5170@00004020: $31 <= 00004028
                5178@00004028: $ 8 <= 0000403c
                5182@0000402c: $ 1 <= 0000403c
                5190@00004034: $31 <= 0000403c
                5198@0000403c: $ 8 <= 00004054
                5202@00004040: $ 1 <= 00004054
                5214@0000404c: $31 <= 00004054
                5222@00004054: $ 1 <= ffff0000
                5226@00004058: $ 1 <= ffffbf93
                5230@0000405c: $ 8 <= ffffbf93
                5234@00004060: $ 1 <= 0000406c
                5242@00004064: $31 <= 0000406c
                5250@0000406c: $ 1 <= ffff0000
                5254@00004070: $ 1 <= ffffbf77
                5258@00004074: $ 8 <= ffffbf77
                5262@00004078: $ 1 <= 00004088
                5270@00004080: $31 <= 00004088
                5278@00004088: $ 1 <= ffff0000
                5282@0000408c: $ 1 <= ffffbf57
                5286@00004090: $ 8 <= ffffbf57
                5290@00004094: $ 1 <= 000040a8
                5302@000040a0: $31 <= 000040a8
                5310@000040a8: $ 8 <= 000040b8
                5314@000040ac: $ 1 <= 000040b8
                5322@000040b0: $31 <= 000040b8
                5330@000040b8: $ 8 <= 000040cc
                5334@000040bc: $ 1 <= 000040cc
                5342@000040c4: $31 <= 000040cc
                5350@000040cc: $ 8 <= 000040e4
                5354@000040d0: $ 1 <= 000040e4
                5366@000040dc: $31 <= 000040e4
                5374@000040e4: $ 8 <= 000040f4
                5378@000040e8: $ 1 <= 000040f4
                5386@000040ec: $31 <= 000040f4
                5394@000040f4: $ 8 <= 00004108
                5398@000040f8: $ 1 <= 00004108
                5406@00004100: $31 <= 00004108
                5414@00004108: $ 8 <= 00004120
                5418@0000410c: $ 1 <= 00004120
                5430@00004118: $31 <= 00004120
                5438@00004120: $ 8 <= 00004130
                5442@00004124: $ 1 <= 00004130
                5450@00004128: $31 <= 00004130
                5458@00004130: $ 8 <= 00004144
                5462@00004134: $ 1 <= 00004144
                5470@0000413c: $31 <= 00004144
                5478@00004144: $ 8 <= 0000415c
                5482@00004148: $ 1 <= 0000415c
                5494@00004154: $31 <= 0000415c
                5502@0000415c: $ 8 <= 0000416c
                5506@00004160: $ 1 <= 0000416c
                5514@00004164: $31 <= 0000416c
                5522@0000416c: $ 8 <= 00004180
                5526@00004170: $ 1 <= 00004180
                5534@00004178: $31 <= 00004180
                5542@00004180: $ 8 <= 00004198
                5546@00004184: $ 1 <= 00004198
                5558@00004190: $31 <= 00004198
                5566@00004198: $ 8 <= 000041a8
                5570@0000419c: $ 1 <= 000041a8
                5578@000041a0: $31 <= 000041a8
                5586@000041a8: $ 8 <= 000041bc
                5590@000041ac: $ 1 <= 000041bc
                5598@000041b4: $31 <= 000041bc
                5606@000041bc: $ 8 <= 000041d4
                5610@000041c0: $ 1 <= 000041d4
                5622@000041cc: $31 <= 000041d4
                5630@000041d4: $ 8 <= 000041e4
                5634@000041d8: $ 1 <= 000041e4
                5642@000041dc: $31 <= 000041e4
                5650@000041e4: $ 8 <= 000041f8
                5654@000041e8: $ 1 <= 000041f8
                5662@000041f0: $31 <= 000041f8
                5670@000041f8: $ 8 <= 00004210
                5674@000041fc: $ 1 <= 00004210
                5686@00004208: $31 <= 00004210
                5694@00004210: $ 8 <= 00004220
                5698@00004214: $ 1 <= 00004220
                5706@00004218: $31 <= 00004220
                5714@00004220: $ 8 <= 00004234
                5718@00004224: $ 1 <= 00004234
                5726@0000422c: $31 <= 00004234
                5734@00004234: $ 8 <= 0000424c
                5738@00004238: $ 1 <= 0000424c
                5750@00004244: $31 <= 0000424c
                5758@0000424c: $ 8 <= 0000425c
                5762@00004250: $ 1 <= 0000425c
                5770@00004254: $31 <= 0000425c
                5778@0000425c: $ 8 <= 00004270
                5782@00004260: $ 1 <= 00004270
                5790@00004268: $31 <= 00004270
                5798@00004270: $ 8 <= 00004288
                5802@00004274: $ 1 <= 00004288
                5814@00004280: $31 <= 00004288
                5822@00004288: $ 8 <= 00004298
                5826@0000428c: $ 1 <= 00004298
                5834@00004290: $31 <= 00004298
                5842@00004298: $ 8 <= 000042ac
                5846@0000429c: $ 1 <= 000042ac
                5854@000042a4: $31 <= 000042ac
                5862@000042ac: $ 8 <= 000042c4
                5866@000042b0: $ 1 <= 000042c4
                5878@000042bc: $31 <= 000042c4
                5886@000042c4: $ 8 <= 000042d4
                5890@000042c8: $ 1 <= 000042d4
                5898@000042cc: $31 <= 000042d4
                5906@000042d4: $ 8 <= 000042e8
                5910@000042d8: $ 1 <= 000042e8
                5918@000042e0: $31 <= 000042e8
                5926@000042e8: $ 8 <= 00004300
                5930@000042ec: $ 1 <= 00004300
                5942@000042f8: $31 <= 00004300
                5950@00004300: $ 8 <= 00004310
                5954@00004304: $ 1 <= 00004310
                5962@00004308: $31 <= 00004310
                5970@00004310: $ 8 <= 00004324
                5974@00004314: $ 1 <= 00004324
                5982@0000431c: $31 <= 00004324
                5990@00004324: $ 8 <= 0000433c
                5994@00004328: $ 1 <= 0000433c
# run 1.00us
                6006@00004334: $31 <= 0000433c
                6014@0000433c: $ 8 <= 0000434c
                6018@00004340: $ 1 <= 0000434c
                6026@00004344: $31 <= 0000434c
                6034@0000434c: $ 8 <= 00004360
                6038@00004350: $ 1 <= 00004360
                6046@00004358: $31 <= 00004360
                6054@00004360: $ 8 <= 00004378
                6058@00004364: $ 1 <= 00004378
                6070@00004370: $31 <= 00004378
                6078@00004378: $ 8 <= 0000438c
                6086@00004380: $ 1 <= 0000438c
                6094@00004384: $31 <= 0000438c
                6102@0000438c: $ 8 <= 000043a4
                6110@00004394: $ 1 <= 000043a4
                6118@0000439c: $31 <= 000043a4
                6126@000043a4: $ 8 <= 000043c0
                6134@000043ac: $ 1 <= 000043c0
                6146@000043b8: $31 <= 000043c0
                6154@000043c0: $ 8 <= 000043d4
                6162@000043c8: $ 1 <= 000043d4
                6170@000043cc: $31 <= 000043d4
                6178@000043d4: $ 8 <= 000043ec
                6186@000043dc: $ 1 <= 000043ec
                6194@000043e4: $31 <= 000043ec
                6202@000043ec: $ 8 <= 00004408
                6210@000043f4: $ 1 <= 00004408
                6222@00004400: $31 <= 00004408
                6230@0000440c: *00000000 <= 0000441c
                6230@00004408: $ 8 <= 0000441c
                6238@00004410: $ 1 <= 0000441c
                6250@00004414: $31 <= 0000441c
                6258@00004420: *00000000 <= 00004434
                6258@0000441c: $ 8 <= 00004434
                6266@00004424: $ 1 <= 00004434
                6278@0000442c: $31 <= 00004434
                6286@00004438: *00000000 <= 00004450
                6286@00004434: $ 8 <= 00004450
                6294@0000443c: $ 1 <= 00004450
                6306@00004448: $31 <= 00004450
                6314@00004454: *00000000 <= 00004464
                6314@00004450: $ 8 <= 00004464
                6322@00004458: $ 1 <= 00004464
                6334@0000445c: $31 <= 00004464
                6342@00004468: *00000000 <= 0000447c
                6342@00004464: $ 8 <= 0000447c
                6350@0000446c: $ 1 <= 0000447c
                6362@00004474: $31 <= 0000447c
                6370@00004480: *00000000 <= 00004498
                6370@0000447c: $ 8 <= 00004498
                6378@00004484: $ 1 <= 00004498
                6390@00004490: $31 <= 00004498
                6398@0000449c: *00000000 <= 000044ac
                6398@00004498: $ 8 <= 000044ac
                6406@000044a0: $ 1 <= 000044ac
                6418@000044a4: $31 <= 000044ac
                6426@000044b0: *00000000 <= 000044c4
                6426@000044ac: $ 8 <= 000044c4
                6434@000044b4: $ 1 <= 000044c4
                6446@000044bc: $31 <= 000044c4
                6454@000044c8: *00000000 <= 000044e0
                6454@000044c4: $ 8 <= 000044e0
                6462@000044cc: $ 1 <= 000044e0
                6474@000044d8: $31 <= 000044e0
                6482@000044e0: $31 <= 000044e8
                6506@000044f8: $31 <= 00004500
                6534@00004514: $ 1 <= 00004528
                6542@00004518: $31 <= 00004520
                6566@00004530: $ 1 <= 00004544
                6574@00004534: $31 <= 0000453c
# run 1.00us
