Running: D:\Xilinx\14.7\ISE_DS\ISE\bin\nt64\unwrapped\fuse.exe -intstyle ise -incremental -lib unisims_ver -lib unimacro_ver -lib xilinxcorelib_ver -lib secureip -o D:/ise/p7/mips_txt_isim_beh.exe -prj D:/ise/p7/mips_txt_beh.prj work.mips_txt work.glbl 
ISim P.20131013 (signature 0x7708f090)
Number of CPUs detected in this system: 12
Turning on mult-threading, number of parallel sub-compilation jobs: 24 
Determining compilation order of HDL files
Analyzing Verilog file "D:/ise/p7/_CU.v" into library work
Analyzing Verilog file "D:/ise/p7/W_REG.v" into library work
Analyzing Verilog file "D:/ise/p7/SU.v" into library work
Analyzing Verilog file "D:/ise/p7/M_REG.v" into library work
Analyzing Verilog file "D:/ise/p7/M_DP.v" into library work
Analyzing Verilog file "D:/ise/p7/M_CP0.v" into library work
Analyzing Verilog file "D:/ise/p7/M_BE.v" into library work
Analyzing Verilog file "D:/ise/p7/F_PC.v" into library work
Analyzing Verilog file "D:/ise/p7/E_REG.v" into library work
Analyzing Verilog file "D:/ise/p7/E_HILO.v" into library work
Analyzing Verilog file "D:/ise/p7/E_ALU.v" into library work
Analyzing Verilog file "D:/ise/p7/D_REG.v" into library work
Analyzing Verilog file "D:/ise/p7/D_NPC.v" into library work
Analyzing Verilog file "D:/ise/p7/D_GRF.v" into library work
Analyzing Verilog file "D:/ise/p7/D_EXT.v" into library work
Analyzing Verilog file "D:/ise/p7/CMP.v" into library work
Analyzing Verilog file "D:/ise/p7/TC.v" into library work
Analyzing Verilog file "D:/ise/p7/CPU.v" into library work
Analyzing Verilog file "D:/ise/p7/bridge.v" into library work
Analyzing Verilog file "D:/ise/p7/mips_tb0.v" into library work
Analyzing Verilog file "D:/Xilinx/14.7/ISE_DS/ISE//verilog/src/glbl.v" into library work
Starting static elaboration
WARNING:HDLCompiler:1016 - "D:/ise/p7/CPU.v" Line 140: Port rd_addr is not connected to this instance
WARNING:HDLCompiler:1016 - "D:/ise/p7/CPU.v" Line 254: Port rd_addr is not connected to this instance
WARNING:HDLCompiler:1016 - "D:/ise/p7/CPU.v" Line 357: Port rs_addr is not connected to this instance
WARNING:HDLCompiler:1016 - "D:/ise/p7/CPU.v" Line 471: Port rs_addr is not connected to this instance
WARNING:HDLCompiler:1016 - "D:/ise/p7/SU.v" Line 32: Port rd_addr is not connected to this instance
WARNING:HDLCompiler:1016 - "D:/ise/p7/SU.v" Line 63: Port rs_addr is not connected to this instance
WARNING:HDLCompiler:1016 - "D:/ise/p7/SU.v" Line 84: Port rs_addr is not connected to this instance
Completed static elaboration
Compiling module _CU
Compiling module SU
Compiling module F_PC
Compiling module D_REG
Compiling module D_EXT
Compiling module D_GRF
Compiling module D_CMP
Compiling module D_NPC
Compiling module E_REG
Compiling module E_ALU
Compiling module E_HILO
Compiling module M_REG
Compiling module M_BE
Compiling module M_DP
Compiling module M_CP0
Compiling module W_REG
Compiling module CPU
Compiling module BRIDGE
Compiling module TC
Compiling module mips
Compiling module mips_txt
Compiling module glbl
Time Resolution for simulation is 1ps.
Waiting for 1 sub-compilation(s) to finish...
WARNING:Simulator - Unable to copy libPortabilityNOSH.dll to the simulation executable directory: boost::filesystem::copy_file: 系统找不到指定的路径。, "isim\mips_txt_isim_beh.exe.sim\libPortability.dll".
Compiled 22 Verilog Units
Built simulation executable D:/ise/p7/mips_txt_isim_beh.exe
Fuse Memory Usage: 34620 KB
Fuse CPU Usage: 874 ms
