Running: D:\Xilinx\14.7\ISE_DS\ISE\bin\nt64\unwrapped\fuse.exe -intstyle ise -incremental -lib unisims_ver -lib unimacro_ver -lib xilinxcorelib_ver -lib secureip -o D:/ise/p4_cpu/p4cpu_test_isim_beh.exe -prj D:/ise/p4_cpu/p4cpu_test_beh.prj work.p4cpu_test work.glbl 
ISim P.20131013 (signature 0x7708f090)
Number of CPUs detected in this system: 12
Turning on mult-threading, number of parallel sub-compilation jobs: 24 
Determining compilation order of HDL files
Analyzing Verilog file "D:/ise/p4_cpu/NPC.v" into library work
Analyzing Verilog file "D:/ise/p4_cpu/IFU.v" into library work
Analyzing Verilog file "D:/ise/p4_cpu/GRF.v" into library work
Analyzing Verilog file "D:/ise/p4_cpu/EXT.v" into library work
Analyzing Verilog file "D:/ise/p4_cpu/DM.v" into library work
Analyzing Verilog file "D:/ise/p4_cpu/Control_Unit.v" into library work
Analyzing Verilog file "D:/ise/p4_cpu/ALU.v" into library work
Analyzing Verilog file "D:/ise/p4_cpu/mips.v" into library work
Analyzing Verilog file "D:/ise/p4_cpu/p4cpu_test.v" into library work
Analyzing Verilog file "D:/Xilinx/14.7/ISE_DS/ISE//verilog/src/glbl.v" into library work
Starting static elaboration
Completed static elaboration
Compiling module IFU
Compiling module Control_Unit
Compiling module EXT
Compiling module GRF
Compiling module ALU
Compiling module DM
Compiling module NPC
Compiling module mips
Compiling module p4cpu_test
Compiling module glbl
Time Resolution for simulation is 1ps.
Waiting for 1 sub-compilation(s) to finish...
WARNING:Simulator - Unable to copy libPortabilityNOSH.dll to the simulation executable directory: boost::filesystem::copy_file: 系统找不到指定的路径。, "isim\p4cpu_test_isim_beh.exe.sim\libPortability.dll".
Compiled 10 Verilog Units
Built simulation executable D:/ise/p4_cpu/p4cpu_test_isim_beh.exe
Fuse Memory Usage: 29232 KB
Fuse CPU Usage: 312 ms
